[HTTP] Binding to address: :1080
Creating API v1 with WebPath: 
Creating API v2 with WebPath: 
Got message in APIv2 websocket channel
[APIv2] BROADCAST /api/v2/websocket
Got message in APIv1 event stream
Sending content: {
  "ID": "iLo6eeMF8Zzhk3lrEAweeY7qp64wJ9T7LVojjL5jM60=@mailhog.example",
  "From": {
    "Relays": null,
    "Mailbox": "nobody",
    "Domain": "5647d3ca88ef",
    "Params": ""
  },
  "To": [
    {
      "Relays": null,
      "Mailbox": "mailhog",
      "Domain": "flywheel.local",
      "Params": ""
    }
  ],
  "Content": {
    "Headers": {
      "Content-Type": [
        "text/plain; charset=UTF-8"
      ],
      "Date": [
        "Sat, 24 Aug 2019 06:26:23 +0000"
      ],
      "From": [
        "WordPress \u003cwordpress@foolstutorials.local\u003e"
      ],
      "MIME-Version": [
        "1.0"
      ],
      "Message-ID": [
        "\u003c5598af51f0f82f5efedb8ade9f316072@foolstutorials.local\u003e"
      ],
      "Received": [
        "from localhost by mailhog.example (MailHog)\r\n          id iLo6eeMF8Zzhk3lrEAweeY7qp64wJ9T7LVojjL5jM60=@mailhog.example; Sat, 24 Aug 2019 06:26:23 +0000"
      ],
      "Return-Path": [
        "\u003cnobody@5647d3ca88ef\u003e"
      ],
      "Subject": [
        "New WordPress Site"
      ],
      "To": [
        "ashishkvs@gmail.com"
      ],
      "X-Mailer": [
        "PHPMailer 5.2.22 (https://github.com/PHPMailer/PHPMailer)"
      ],
      "X-PHP-Originating-Script": [
        "0:class-phpmailer.php"
      ]
    },
    "Body": "Your new WordPress site has been successfully set up at:\r\n\r\nhttp://foolstutorials.local\r\n\r\nYou can log in to the administrator account with the following information:\r\n\r\nUsername: ashish\r\nPassword: The password you chose during installation.\r\nLog in here: http://foolstutorials.local/wp-login.php\r\n\r\nWe hope you enjoy your new site. Thanks!\r\n\r\n--The WordPress Team\r\nhttps://wordpress.org/\r\n",
    "Size": 782,
    "MIME": null
  },
  "Created": "2019-08-24T06:26:23.601088447Z",
  "MIME": null,
  "Raw": {
    "From": "nobody@5647d3ca88ef",
    "To": [
      "mailhog@flywheel.local"
    ],
    "Data": "To: ashishkvs@gmail.com\r\nSubject: New WordPress Site\r\nX-PHP-Originating-Script: 0:class-phpmailer.php\r\nDate: Sat, 24 Aug 2019 06:26:23 +0000\r\nFrom: WordPress \u003cwordpress@foolstutorials.local\u003e\r\nMessage-ID: \u003c5598af51f0f82f5efedb8ade9f316072@foolstutorials.local\u003e\r\nX-Mailer: PHPMailer 5.2.22 (https://github.com/PHPMailer/PHPMailer)\r\nMIME-Version: 1.0\r\nContent-Type: text/plain; charset=UTF-8\r\n\r\nYour new WordPress site has been successfully set up at:\r\n\r\nhttp://foolstutorials.local\r\n\r\nYou can log in to the administrator account with the following information:\r\n\r\nUsername: ashish\r\nPassword: The password you chose during installation.\r\nLog in here: http://foolstutorials.local/wp-login.php\r\n\r\nWe hope you enjoy your new site. Thanks!\r\n\r\n--The WordPress Team\r\nhttps://wordpress.org/\r\n",
    "Helo": "localhost"
  }
}

[APIv1] BROADCAST /api/v1/events
[APIv1] KEEPALIVE /api/v1/events
[APIv1] KEEPALIVE /api/v1/events
[APIv1] KEEPALIVE /api/v1/events
[APIv1] KEEPALIVE /api/v1/events
[APIv1] KEEPALIVE /api/v1/events
[APIv1] KEEPALIVE /api/v1/events
[APIv1] KEEPALIVE /api/v1/events
[APIv1] KEEPALIVE /api/v1/events
[APIv1] KEEPALIVE /api/v1/events
[APIv1] KEEPALIVE /api/v1/events
[APIv1] KEEPALIVE /api/v1/events
[APIv1] KEEPALIVE /api/v1/events
[APIv1] KEEPALIVE /api/v1/events
[APIv1] KEEPALIVE /api/v1/events
[APIv1] KEEPALIVE /api/v1/events
[APIv1] KEEPALIVE /api/v1/events
[APIv1] KEEPALIVE /api/v1/events
[APIv1] KEEPALIVE /api/v1/events
[APIv1] KEEPALIVE /api/v1/events
[APIv1] KEEPALIVE /api/v1/events
[APIv1] KEEPALIVE /api/v1/events
[APIv1] KEEPALIVE /api/v1/events
[APIv1] KEEPALIVE /api/v1/events
[APIv1] KEEPALIVE /api/v1/events
